Num observations: 29
Memory CQF: 23
Running time stretch validation experiments for 536870912 from raw/streamdump_mmap_active_new_536870912.
./main popcornfilter -f 8 -q 20 -l 4 -g 4 -t 8 -a 1 -o -v 24 -i raw/streamdump_mmap_active_new_536870912
Creating a time-stretch filter.
Reading input stream and logs from disk
Analyzing Stream
Clearing the multimap.
Number of keys: 361820361
Number of keys above threshold: 1076712
Total observations: 536162700
Inserting elements.
Total number of buffer dumps: 96
Total number of buffer dumps: 101
Total number of buffer dumps: 98
Total number of buffer dumps: 98
Total number of buffer dumps: 102
Total number of buffer dumps: 107
Total number of buffer dumps: 95
Total number of buffer dumps: 90
Total Time Elapsed: 422.520874seconds
Finished insertions.
Insertion throughput: 1.26896e+06
Querying elements.
Total Time Elapsed: 446.394440seconds
Finished lookups.
Performing validation
Total flushes: 128
Failed to report 3 keys on time.
Validation failed!
Total number of keys above threshold: 1072446
cascadefilter 0
Number of keys above the THRESHOLD value 135152
Number of keys reported through shuffle-merges 135152
Number of keys reported through odp 0
Total memory time (secs): -4.57204e+06
Total flush time (secs): 168.797
cascadefilter 1
Number of keys above the THRESHOLD value 134787
Number of keys reported through shuffle-merges 134787
Number of keys reported through odp 0
Total memory time (secs): -7.58079e+06
Total flush time (secs): 168.664
cascadefilter 2
Number of keys above the THRESHOLD value 133147
Number of keys reported through shuffle-merges 133147
Number of keys reported through odp 0
Total memory time (secs): -4.96064e+06
Total flush time (secs): 158.091
cascadefilter 3
Number of keys above the THRESHOLD value 133885
Number of keys reported through shuffle-merges 133885
Number of keys reported through odp 0
Total memory time (secs): -1.66539e+07
Total flush time (secs): 161.185
cascadefilter 4
Number of keys above the THRESHOLD value 134835
Number of keys reported through shuffle-merges 134835
Number of keys reported through odp 0
Total memory time (secs): -4.67168e+06
Total flush time (secs): 158.614
cascadefilter 5
Number of keys above the THRESHOLD value 133703
Number of keys reported through shuffle-merges 133703
Number of keys reported through odp 0
Total memory time (secs): -1.56452e+07
Total flush time (secs): 158.167
cascadefilter 6
Number of keys above the THRESHOLD value 133418
Number of keys reported through shuffle-merges 133418
Number of keys reported through odp 0
Total memory time (secs): -2.44196e+07
Total flush time (secs): 157.863
cascadefilter 7
Number of keys above the THRESHOLD value 133519
Number of keys reported through shuffle-merges 133519
Number of keys reported through odp 0
Total memory time (secs): -1.22413e+07
Total flush time (secs): 158.831
Total observations inserted: 536162700
Time stretch with age bits 1, cones and threads finished!
